WARN StatusConsoleListener The use of package scanning to locate plugins is deprecated and will be removed in a future release
WARN StatusConsoleListener The use of package scanning to locate plugins is deprecated and will be removed in a future release
WARN StatusConsoleListener The use of package scanning to locate plugins is deprecated and will be removed in a future release
WARN StatusConsoleListener The use of package scanning to locate plugins is deprecated and will be removed in a future release
Creating summariser <summary>
Created the tree successfully using /Users/diego/Desktop/ea-autoscaler/src/main/resources/jmeter/test.jmx
Starting standalone test @ 2025 Jul 4 02:52:58 PET (1751615578862)
Waiting for possible Shutdown/StopTestNow/HeapDump/ThreadDump message on port 4445
summary +      2 in 00:00:02 =    1.1/s Avg:   872 Min:   848 Max:   897 Err:     0 (0.00%) Active: 1 Started: 1 Finished: 0
summary +     92 in 00:00:30 =    3.1/s Avg:  1529 Min:   769 Max:  5041 Err:     0 (0.00%) Active: 20 Started: 22 Finished: 2
summary =     94 in 00:00:32 =    3.0/s Avg:  1515 Min:   769 Max:  5041 Err:     0 (0.00%)
summary +    127 in 00:00:30 =    4.2/s Avg:  4082 Min:   768 Max: 13508 Err:     0 (0.00%) Active: 50 Started: 72 Finished: 22
summary =    221 in 00:01:02 =    3.6/s Avg:  2990 Min:   768 Max: 13508 Err:     0 (0.00%)
summary +    203 in 00:00:29 =    7.0/s Avg:  6261 Min:   775 Max: 19008 Err:     0 (0.00%) Active: 50 Started: 72 Finished: 22
summary =    424 in 00:01:31 =    4.7/s Avg:  4556 Min:   768 Max: 19008 Err:     0 (0.00%)
summary +    150 in 00:00:30 =    5.0/s Avg:  8305 Min:   770 Max: 26516 Err:     0 (0.00%) Active: 2 Started: 72 Finished: 70
summary =    574 in 00:02:01 =    4.7/s Avg:  5536 Min:   768 Max: 26516 Err:     0 (0.00%)
summary +     24 in 00:00:21 =    1.2/s Avg:  1743 Min:   827 Max: 21225 Err:     0 (0.00%) Active: 0 Started: 73 Finished: 73
summary =    598 in 00:02:22 =    4.2/s Avg:  5384 Min:   768 Max: 26516 Err:     0 (0.00%)
Tidying up ...    @ 2025 Jul 4 02:55:20 PET (1751615720716)
... end of run
